<?xml version="1.0" encoding="UTF-8"?>
<!-- Generated by org.testng.reporters.JUnitReportReporter -->
<testsuite hostname="SUBHA-DAS" failures="0" tests="1" name="testcase.Verify_Page_Header" time="9.575" errors="0" timestamp="2022-06-28T09:51:32 IST" skipped="0">
  <testcase classname="testcase.Verify_Page_Header" name="verify_Page_Header" time="9.575"/>
  <system-out>
    <![CDATA[YOUR CART
]]>
  </system-out>
</testsuite> <!-- testcase.Verify_Page_Header -->
