<?xml version="1.0" encoding="UTF-8"?>
<!-- Generated by org.testng.reporters.JUnitReportReporter -->
<testsuite hostname="SUBHA-DAS" failures="0" tests="1" name="testcase.Verify_Buy_Product" time="1.246" errors="0" timestamp="2022-05-26T17:29:43 IST" skipped="0">
  <testcase classname="testcase.Verify_Buy_Product" name="buy_Product" time="1.246"/>
  <system-out/>
</testsuite> <!-- testcase.Verify_Buy_Product -->
