<?xml version="1.0" encoding="UTF-8"?>
<!-- Generated by org.testng.reporters.JUnitReportReporter -->
<testsuite hostname="SUBHA-DAS" failures="0" tests="1" name="testcase.Verify_HomePage" time="7.343" errors="0" timestamp="2022-06-28T09:47:02 IST" skipped="0">
  <testcase classname="testcase.Verify_HomePage" name="verify_HomePage" time="7.343"/>
  <system-out>
    <![CDATA[A to Z product has been verified based on character
z to A product has been verified based on character
Low to High product has been verified based on price
799 < 999 < 1599 < 1599 < 2999 < 4999
Low to High product has been verified based on price
4999 > 2999 > 1599 > 1599 > 999 > 799
Expected Value is matching PRODUCTS
Expected Value is matching Sauce Labs Backpack
Expected Value is matching Sauce Labs Bike Light
Expected Value is matching Sauce Labs Bolt T-Shirt
Expected Value is matching Sauce Labs Fleece Jacket
Expected Value is matching Sauce Labs Onesie
Expected Value is matching Test.allTheThings() T-Shirt (Red)]]>
  </system-out>
</testsuite> <!-- testcase.Verify_HomePage -->
